[debug] ----------------------------------------------------------------------
[debug] Command:      /usr/local/Cellar/node/7.9.0/bin/node /usr/local/bin/firebase deploy
[debug] CLI Version:  3.9.0
[debug] Platform:     darwin
[debug] Node Version: v8.0.0
[debug] Time:         Tue Jun 20 2017 11:18:35 GMT+0530 (IST)
[debug] ----------------------------------------------------------------------
[debug] 
[debug] > command requires scopes: ["email","openid","https://www.googleapis.com/auth/cloudplatformprojects.readonly","https://www.googleapis.com/auth/firebase","https://www.googleapis.com/auth/cloud-platform"]
[debug] >>> HTTP REQUEST GET https://admin.firebase.com/v1/projects/rex-band  
 Tue Jun 20 2017 11:18:35 GMT+0530 (IST)
[debug] <<< HTTP RESPONSE 200
[debug] >>> HTTP REQUEST GET https://admin.firebase.com/v1/database/rex-band/tokens  
 Tue Jun 20 2017 11:18:37 GMT+0530 (IST)
[debug] <<< HTTP RESPONSE 200
[info] 
[info] === Deploying to 'rex-band'...
[info] 
[info] i  deploying database, functions, hosting
[info] ✔  database: rules ready to deploy.
[debug] > [functions] package.json contents: {
  "name": "functions",
  "description": "Cloud Functions for Firebase",
  "dependencies": {
    "firebase-admin": "~4.2.1",
    "firebase-functions": "^0.5.7"
  },
  "private": true
}
[info] i  functions: ensuring necessary APIs are enabled...
[info] i  runtimeconfig: ensuring necessary APIs are enabled...
[debug] >>> HTTP REQUEST GET https://servicemanagement.googleapis.com/v1/services/cloudfunctions.googleapis.com/projectSettings/rex-band?view=CONSUMER_VIEW  
 Tue Jun 20 2017 11:18:44 GMT+0530 (IST)
[debug] >>> HTTP REQUEST GET https://servicemanagement.googleapis.com/v1/services/runtimeconfig.googleapis.com/projectSettings/rex-band?view=CONSUMER_VIEW  
 Tue Jun 20 2017 11:18:44 GMT+0530 (IST)
[debug] <<< HTTP RESPONSE 200
[info] ✔  runtimeconfig: all necessary APIs are enabled
[debug] <<< HTTP RESPONSE 200
[info] ✔  functions: all necessary APIs are enabled
[debug] >>> HTTP REQUEST GET https://appengine.googleapis.com/v1/apps/rex-band  
 Tue Jun 20 2017 11:18:47 GMT+0530 (IST)
[debug] >>> HTTP REQUEST GET https://apikeys.googleapis.com/v1/projects/rex-band/apiKeys  
 Tue Jun 20 2017 11:18:47 GMT+0530 (IST)
[debug] <<< HTTP RESPONSE 200
[debug] <<< HTTP RESPONSE 200
[info] i  functions: preparing functions directory for uploading...
[debug] >>> HTTP REQUEST GET https://runtimeconfig.googleapis.com/v1beta1/projects/rex-band/configs  
 Tue Jun 20 2017 11:18:50 GMT+0530 (IST)
[debug] <<< HTTP RESPONSE 200
[debug] > [functions] runtime config materialized as: {
  "firebase": {
    "databaseURL": "https://rex-band.firebaseio.com",
    "storageBucket": "rex-band.appspot.com",
    "apiKey": "AIzaSyCEVoSA_O_-vU9Yf0tlmU2BFjR4vHvscuM",
    "authDomain": "rex-band.firebaseapp.com"
  }
}
[info] i  hosting: preparing public directory for upload...
[debug] >>> HTTP REQUEST PUT https://deploy.firebase.com/v1/hosting/rex-band/uploads/-Kn31xLbdBsQT9ZP0-VW?fileCount=30&message=  
 Tue Jun 20 2017 11:18:51 GMT+0530 (IST)
